
2016-09-21 22:39:50,156 [10] ERROR ErrorLogger - Unable to search ancestry database due to: Object reference not set to an instance of an object.
System.NullReferenceException: Object reference not set to an instance of an object.
   at DeependAncestry.Web.Search.AncestrySearch.<>c__DisplayClass6_2.<Search>b__3(PersonBirthPlace x) in C:\Work\DeependAncestry\src\DeependAncestry.Web\Search\AncestrySearch.cs:line 100
   at System.Linq.Enumerable.WhereListIterator`1.MoveNext()
   at System.Collections.Generic.List`1..ctor(IEnumerable`1 collection)
   at System.Linq.Enumerable.ToList[TSource](IEnumerable`1 source)
   at DeependAncestry.Web.Search.AncestrySearch.Search(String name, String gender, String direction) in C:\Work\DeependAncestry\src\DeependAncestry.Web\Search\AncestrySearch.cs:line 106
   at DeependAncestry.Web.Controllers.AdvancedController.GetResults(SearchFieldsViewModel model, String gender, String name, String direction) in C:\Work\DeependAncestry\src\DeependAncestry.Web\Controllers\AdvancedController.cs:line 71

2016-09-21 22:46:51,356 [7] ERROR ErrorLogger - Unable to search ancestry database due to: Object reference not set to an instance of an object.
System.NullReferenceException: Object reference not set to an instance of an object.
   at DeependAncestry.Web.Search.AncestrySearch.<>c__DisplayClass6_2.<Search>b__3(PersonBirthPlace x) in C:\Work\DeependAncestry\src\DeependAncestry.Web\Search\AncestrySearch.cs:line 100
   at System.Linq.Enumerable.WhereListIterator`1.MoveNext()
   at System.Collections.Generic.List`1..ctor(IEnumerable`1 collection)
   at System.Linq.Enumerable.ToList[TSource](IEnumerable`1 source)
   at DeependAncestry.Web.Search.AncestrySearch.Search(String name, String gender, String direction) in C:\Work\DeependAncestry\src\DeependAncestry.Web\Search\AncestrySearch.cs:line 106
   at DeependAncestry.Web.Controllers.AdvancedController.GetResults(SearchFieldsViewModel model, String gender, String name, String direction) in C:\Work\DeependAncestry\src\DeependAncestry.Web\Controllers\AdvancedController.cs:line 71

2016-09-22 19:04:22,157 [16] ERROR ErrorLogger - Unable to search ancestry database due to: Object reference not set to an instance of an object.
System.NullReferenceException: Object reference not set to an instance of an object.
   at System.Linq.Enumerable.<SelectManyIterator>d__16`2.MoveNext()
   at System.Linq.Enumerable.WhereEnumerableIterator`1.MoveNext()
   at System.Linq.Lookup`2.Create[TSource](IEnumerable`1 source, Func`2 keySelector, Func`2 elementSelector, IEqualityComparer`1 comparer)
   at System.Linq.GroupedEnumerable`3.GetEnumerator()
   at System.Linq.Enumerable.WhereSelectEnumerableIterator`2.MoveNext()
   at System.Collections.Generic.List`1..ctor(IEnumerable`1 collection)
   at System.Linq.Enumerable.ToList[TSource](IEnumerable`1 source)
   at DeependAncestry.Web.Search.AncestrySearch.Search(String name, String gender, String direction) in C:\Work\DeependAncestry\src\DeependAncestry.Web\Search\AncestrySearch.cs:line 147
   at DeependAncestry.Web.Controllers.AdvancedController.GetResults(SearchFieldsViewModel model, String gender, String name, String direction) in C:\Work\DeependAncestry\src\DeependAncestry.Web\Controllers\AdvancedController.cs:line 65

2016-09-22 19:04:27,138 [12] ERROR ErrorLogger - Unable to search ancestry database due to: Object reference not set to an instance of an object.
System.NullReferenceException: Object reference not set to an instance of an object.
   at System.Linq.Enumerable.<SelectManyIterator>d__16`2.MoveNext()
   at System.Linq.Enumerable.WhereEnumerableIterator`1.MoveNext()
   at System.Linq.Lookup`2.Create[TSource](IEnumerable`1 source, Func`2 keySelector, Func`2 elementSelector, IEqualityComparer`1 comparer)
   at System.Linq.GroupedEnumerable`3.GetEnumerator()
   at System.Linq.Enumerable.WhereSelectEnumerableIterator`2.MoveNext()
   at System.Collections.Generic.List`1..ctor(IEnumerable`1 collection)
   at System.Linq.Enumerable.ToList[TSource](IEnumerable`1 source)
   at DeependAncestry.Web.Search.AncestrySearch.Search(String name, String gender, String direction) in C:\Work\DeependAncestry\src\DeependAncestry.Web\Search\AncestrySearch.cs:line 147
   at DeependAncestry.Web.Controllers.AdvancedController.GetResults(SearchFieldsViewModel model, String gender, String name, String direction) in C:\Work\DeependAncestry\src\DeependAncestry.Web\Controllers\AdvancedController.cs:line 65
